#
# There is insufficient memory for the Java Runtime Environment to continue.
# Native memory allocation (malloc) failed to allocate 1048576 bytes for AllocateHeap
# Possible reasons:
#   The system is out of physical RAM or swap space
#   In 32 bit mode, the process size limit was hit
# Possible solutions:
#   Reduce memory load on the system
#   Increase physical memory or swap space
#   Check if swap backing store is full
#   Use 64 bit Java on a 64 bit OS
#   Decrease Java heap size (-Xmx/-Xms)
#   Decrease number of Java threads
#   Decrease Java thread stack sizes (-Xss)
#   Set larger code cache with -XX:ReservedCodeCacheSize=
# This output file may be truncated or incomplete.
#
#  Out of Memory Error (memory/allocation.inline.hpp:61), pid=20924, tid=20968
#
# JRE version:  (8.0_66-b18) (build )
# Java VM: Java HotSpot(TM) 64-Bit Server VM (25.66-b18 mixed mode windows-amd64 compressed oops)
# Failed to write core dump. Minidumps are not enabled by default on client versions of Windows
#

---------------  T H R E A D  ---------------

Current thread (0x0000000001dd0800):  JavaThread "Unknown thread" [_thread_in_vm, id=20968, stack(0x0000000001cc0000,0x0000000001dc0000)]

Stack: [0x0000000001cc0000,0x0000000001dc0000]
[error occurred during error reporting (printing stack bounds), id 0xc0000005]

Native frames: (J=compiled Java code, j=interpreted, Vv=VM code, C=native code)


---------------  P R O C E S S  ---------------

Java Threads: ( => current thread )

Other Threads:

=>0x0000000001dd0800 (exited) JavaThread "Unknown thread" [_thread_in_vm, id=20968, stack(0x0000000001cc0000,0x0000000001dc0000)]

VM state:not at safepoint (normal execution)

VM Mutex/Monitor currently owned by a thread: None

Heap:
 PSYoungGen      total 38400K, used 665K [0x00000000d5b80000, 0x00000000d8600000, 0x0000000100000000)
  eden space 33280K, 2% used [0x00000000d5b80000,0x00000000d5c26670,0x00000000d7c00000)
  from space 5120K, 0% used [0x00000000d8100000,0x00000000d8100000,0x00000000d8600000)
  to   space 5120K, 0% used [0x00000000d7c00000,0x00000000d7c00000,0x00000000d8100000)
 ParOldGen       total 87552K, used 0K [0x0000000081200000, 0x0000000086780000, 0x00000000d5b80000)
  object space 87552K, 0% used [0x0000000081200000,0x0000000081200000,0x0000000086780000)
 Metaspace       used 743K, capacity 4480K, committed 4480K, reserved 1056768K
  class space    used 75K, capacity 384K, committed 384K, reserved 1048576K

Card table byte_map: [0x0000000011290000,0x0000000011690000] byte_map_base: 0x0000000010e87000

Marking Bits: (ParMarkBitMap*) 0x00000000551ca5b0
 Begin Bits: [0x0000000012140000, 0x00000000140f8000)
 End Bits:   [0x00000000140f8000, 0x00000000160b0000)

Polling page: 0x0000000001c40000

CodeCache: size=245760Kb used=328Kb max_used=328Kb free=245431Kb
 bounds [0x0000000001ed0000, 0x0000000002140000, 0x0000000010ed0000]
 total_blobs=57 nmethods=0 adapters=37
 compilation: enabled

Compilation events (0 events):
No events

GC Heap History (0 events):
No events

Deoptimization events (0 events):
No events

Internal exceptions (0 events):
No events

Events (10 events):
Event: 1.369 loading class java/lang/Short
Event: 1.369 loading class java/lang/Short done
Event: 1.369 loading class java/lang/Integer
Event: 1.370 loading class java/lang/Integer done
Event: 1.370 loading class java/lang/Long
Event: 1.370 loading class java/lang/Long done
Event: 1.370 loading class java/lang/NullPointerException
Event: 1.370 loading class java/lang/NullPointerException done
Event: 1.370 loading class java/lang/ArithmeticException
Event: 1.370 loading class java/lang/ArithmeticException done


Dynamic libraries:
0x00007ff6bb530000 - 0x00007ff6bb567000 	C:\Program Files\Java\jre1.8.0_66\bin\javaw.exe
0x00007ffc4e340000 - 0x00007ffc4e4ed000 	C:\Windows\SYSTEM32\ntdll.dll
0x00007ffc4cb20000 - 0x00007ffc4cc5e000 	C:\Windows\system32\KERNEL32.DLL
0x00007ffc4b8b0000 - 0x00007ffc4b9c6000 	C:\Windows\system32\KERNELBASE.dll
0x00007ffc4a030000 - 0x00007ffc4a0be000 	C:\Windows\system32\apphelp.dll
0x00007ffc3b5d0000 - 0x00007ffc3b624000 	C:\Windows\AppPatch\AppPatch64\AcGenral.DLL
0x00007ffc4bca0000 - 0x00007ffc4bd4a000 	C:\Windows\system32\msvcrt.dll
0x00007ffc4b830000 - 0x00007ffc4b85e000 	C:\Windows\system32\SspiCli.dll
0x00007ffc4ca00000 - 0x00007ffc4ca54000 	C:\Windows\system32\SHLWAPI.dll
0x00007ffc4cc60000 - 0x00007ffc4cdd7000 	C:\Windows\system32\USER32.dll
0x00007ffc4bb00000 - 0x00007ffc4bc94000 	C:\Windows\system32\ole32.dll
0x00007ffc4ce10000 - 0x00007ffc4e33b000 	C:\Windows\system32\SHELL32.dll
0x00007ffc4aa30000 - 0x00007ffc4aa51000 	C:\Windows\SYSTEM32\USERENV.dll
0x00007ffc4c090000 - 0x00007ffc4c13a000 	C:\Windows\system32\ADVAPI32.dll
0x00007ffc396b0000 - 0x00007ffc396ce000 	C:\Windows\SYSTEM32\MPR.dll
0x00007ffc4bf50000 - 0x00007ffc4c090000 	C:\Windows\system32\RPCRT4.dll
0x00007ffc4c380000 - 0x00007ffc4c3d9000 	C:\Windows\SYSTEM32\sechost.dll
0x00007ffc4c7f0000 - 0x00007ffc4ca00000 	C:\Windows\SYSTEM32\combase.dll
0x00007ffc4be00000 - 0x00007ffc4bf4c000 	C:\Windows\system32\GDI32.dll
0x00007ffc4b470000 - 0x00007ffc4b485000 	C:\Windows\SYSTEM32\profapi.dll
0x00007ffc49ca0000 - 0x00007ffc49d52000 	C:\Windows\SYSTEM32\SHCORE.dll
0x00007ffc4bdc0000 - 0x00007ffc4bdf6000 	C:\Windows\system32\IMM32.DLL
0x00007ffc4c3e0000 - 0x00007ffc4c531000 	C:\Windows\system32\MSCTF.dll
0x00007ffc49150000 - 0x00007ffc493cb000 	C:\Windows\WinSxS\amd64_microsoft.windows.common-controls_6595b64144ccf1df_6.0.9600.18006_none_623f33d3ecbe86e8\COMCTL32.dll
0x0000000054670000 - 0x0000000054742000 	C:\Program Files\Java\jre1.8.0_66\bin\msvcr100.dll
0x00000000549c0000 - 0x0000000055249000 	C:\Program Files\Java\jre1.8.0_66\bin\server\jvm.dll
0x00007ffc42af0000 - 0x00007ffc42af9000 	C:\Windows\SYSTEM32\WSOCK32.dll
0x00007ffc48790000 - 0x00007ffc487b2000 	C:\Windows\SYSTEM32\WINMM.dll
0x00007ffc487c0000 - 0x00007ffc487ca000 	C:\Windows\SYSTEM32\VERSION.dll
0x00007ffc4c540000 - 0x00007ffc4c547000 	C:\Windows\system32\PSAPI.DLL
0x00007ffc4bd60000 - 0x00007ffc4bdba000 	C:\Windows\system32\WS2_32.dll
0x00007ffc48750000 - 0x00007ffc4877a000 	C:\Windows\SYSTEM32\WINMMBASE.dll
0x00007ffc4c710000 - 0x00007ffc4c719000 	C:\Windows\system32\NSI.dll
0x00007ffc4b860000 - 0x00007ffc4b8af000 	C:\Windows\SYSTEM32\cfgmgr32.dll
0x00007ffc4a290000 - 0x00007ffc4a2b8000 	C:\Windows\SYSTEM32\DEVOBJ.dll
0x0000000055660000 - 0x000000005566f000 	C:\Program Files\Java\jre1.8.0_66\bin\verify.dll
0x0000000055630000 - 0x0000000055659000 	C:\Program Files\Java\jre1.8.0_66\bin\java.dll
0x0000000055610000 - 0x0000000055626000 	C:\Program Files\Java\jre1.8.0_66\bin\zip.dll

VM Arguments:
jvm_args: -Dfile.encoding=Cp1254 
java_command: mayintarlasi.Runner
java_class_path (initial): C:\Users\MGUREKEN\eclipse-workspace\SwingOyun\bin;C:\Users\MGUREKEN\eclipse-workspace\SwingOyun\miglayout15-swing.jar
Launcher Type: SUN_STANDARD

Environment Variables:
PATH=C:/Program Files/Java/jre1.8.0_66/bin/server;C:/Program Files/Java/jre1.8.0_66/bin;C:/Program Files/Java/jre1.8.0_66/lib/amd64;C:\ProgramData\Oracle\Java\javapath;C:\Program Files (x86)\NVIDIA Corporation\PhysX\Common;C:\Program Files (x86)\Intel\iCLS Client\;C:\Program Files\Intel\iCLS Client\;C:\Windows\system32;C:\Windows;C:\Windows\System32\Wbem;C:\Windows\System32\WindowsPowerShell\v1.0\;C:\Program Files\Intel\Intel(R) Management Engine Components\DAL;C:\Program Files\Intel\Intel(R) Management Engine Components\IPT;C:\Program Files (x86)\Intel\Intel(R) Management Engine Components\DAL;C:\Program Files (x86)\Intel\Intel(R) Management Engine Components\IPT;C:\Program Files (x86)\SDL International\SDLX;C:\mgureken_java\eclipse;
USERNAME=MGUREKEN
OS=Windows_NT
PROCESSOR_IDENTIFIER=Intel64 Family 6 Model 60 Stepping 3, GenuineIntel



---------------  S Y S T E M  ---------------

OS: Windows 8.1 , 64 bit Build 9600 (6.3.9600.17415)

CPU:total 8 (4 cores per cpu, 2 threads per core) family 6 model 60 stepping 3, cmov, cx8, fxsr, mmx, sse, sse2, sse3, ssse3, sse4.1, sse4.2, popcnt, avx, avx2, aes, clmul, erms, lzcnt, ht, tsc, tscinvbit, bmi1, bmi2

Memory: 4k page, physical 8311064k(997068k free), swap 33476888k(5544k free)

vm_info: Java HotSpot(TM) 64-Bit Server VM (25.66-b18) for windows-amd64 JRE (1.8.0_66-b18), built on Nov  9 2015 10:51:13 by "java_re" with MS VC++ 10.0 (VS2010)

time: Fri Feb 08 00:16:48 2019
elapsed time: 1 seconds (0d 0h 0m 1s)

